<?xml version="1.0" encoding="UTF-8"?>
<testng-results ignored="0" total="1" passed="1" failed="0" skipped="0">
  <reporter-output>
  </reporter-output>
  <suite started-at="2025-12-29T08:12:34 IST" name="Default suite" finished-at="2025-12-29T08:12:53 IST" duration-ms="18707">
    <groups>
    </groups>
    <test started-at="2025-12-29T08:12:34 IST" name="Default test" finished-at="2025-12-29T08:12:53 IST" duration-ms="18707">
      <class name="com.Runner.Runner">
        <test-method is-config="true" signature="IntBrowser()[pri:0, instance:com.Runner.Runner@7b2bbc3]" started-at="2025-12-29T08:12:35 IST" name="IntBrowser" finished-at="2025-12-29T08:12:38 IST" duration-ms="2875" status="PASS">
          <reporter-output>
          </reporter-output>
        </test-method> <!-- IntBrowser -->
        <test-method signature="Run()[pri:0, instance:com.Runner.Runner@7b2bbc3]" started-at="2025-12-29T08:12:38 IST" name="Run" finished-at="2025-12-29T08:12:53 IST" duration-ms="15522" status="PASS">
          <reporter-output>
          </reporter-output>
        </test-method> <!-- Run -->
      </class> <!-- com.Runner.Runner -->
    </test> <!-- Default test -->
  </suite> <!-- Default suite -->
</testng-results>
