<?xml version="1.0" encoding="UTF-8"?>
<!-- Generated by org.testng.reporters.JUnitReportReporter -->
<testsuite hostname="Abhilash" failures="0" tests="8" name="com.Runner.RunnerClass" time="243.255" errors="0" timestamp="2025-12-23T08:10:17 IST" skipped="0">
  <testcase classname="com.Runner.RunnerClass" name="Mumbainaukari" time="78.986"/>
  <testcase classname="com.Runner.RunnerClass" name="Mumbainaukari" time="22.921"/>
  <testcase classname="com.Runner.RunnerClass" name="Mumbainaukari" time="23.743"/>
  <testcase classname="com.Runner.RunnerClass" name="Mumbainaukari" time="23.466"/>
  <testcase classname="com.Runner.RunnerClass" name="PuneNaukari" time="23.195"/>
  <testcase classname="com.Runner.RunnerClass" name="PuneNaukari" time="22.817"/>
  <testcase classname="com.Runner.RunnerClass" name="PuneNaukari" time="23.317"/>
  <testcase classname="com.Runner.RunnerClass" name="PuneNaukari" time="24.810"/>
</testsuite> <!-- com.Runner.RunnerClass -->
